<?xml version="1.0" encoding="UTF-8"?>
<!-- Generated by org.testng.reporters.JUnitReportReporter -->
<testsuite skipped="0" hostname="LAPTOP-ED9GMH4F" name="org.testng.Login" tests="1" failures="0" timestamp="12 Sep 2020 09:48:20 GMT" time="6.438" errors="0">
  <testcase name="tc1" time="6.438" classname="org.testng.Login"/>
</testsuite> <!-- org.testng.Login -->
