<?xml version="1.0" encoding="UTF-8"?>
<!-- Generated by org.testng.reporters.JUnitReportReporter -->
<testsuite skipped="0" hostname="LAPTOP-ED9GMH4F" name="org.asset.B" tests="4" failures="0" timestamp="12 Sep 2020 09:46:02 GMT" time="0.017" errors="0">
  <testcase name="tc3" time="0.005" classname="org.asset.B"/>
  <testcase name="tc6" time="0.003" classname="org.asset.B"/>
  <testcase name="tc4" time="0.004" classname="org.asset.B"/>
  <testcase name="tc2" time="0.005" classname="org.asset.B"/>
</testsuite> <!-- org.asset.B -->
